<?xml version="1.0" encoding="UTF-8"?>
<!-- Generated by org.testng.reporters.JUnitReportReporter -->
<testsuite hostname="DESKTOP-RCJQTGO" failures="0" tests="4" name="Test_Cases.BaseTestCases" time="7.202" errors="0" timestamp="08 Dec 2021 02:35:06 GMT" skipped="0">
  <testcase classname="Test_Cases.BaseTestCases" name="arraySpliter" time="0.010"/>
  <testcase classname="Test_Cases.BaseTestCases" name="checkPercentageSign" time="2.374"/>
  <testcase classname="Test_Cases.BaseTestCases" name="checkGoogleSearch" time="2.481"/>
  <testcase classname="Test_Cases.BaseTestCases" name="checkInstabugSearch" time="2.337"/>
</testsuite> <!-- Test_Cases.BaseTestCases -->
