<?xml version="1.0" encoding="UTF-8"?>
<!-- Generated by org.testng.reporters.JUnitReportReporter -->
<testsuite hostname="DESKTOP-RCJQTGO" failures="0" tests="4" name="Test_Cases.BaseTestCases" time="6.996" errors="0" timestamp="08 Dec 2021 02:09:06 GMT" skipped="0">
  <testcase classname="Test_Cases.BaseTestCases" name="arraySpliter" time="0.006"/>
  <testcase classname="Test_Cases.BaseTestCases" name="checkPercentageSign" time="2.196"/>
  <testcase classname="Test_Cases.BaseTestCases" name="checkGoogleSearch" time="2.490"/>
  <testcase classname="Test_Cases.BaseTestCases" name="checkInstabugSearch" time="2.304"/>
</testsuite> <!-- Test_Cases.BaseTestCases -->
